<?xml version="1.0" encoding="UTF-8"?>
<!-- Generated by org.testng.reporters.JUnitReportReporter -->
<testsuite hostname="REHNA_NAZEER" failures="0" tests="1" name="TestScript.ManageContactTest" time="6.055" errors="0" timestamp="2025-03-17T11:34:54 IST" skipped="0">
  <testcase classname="TestScript.ManageContactTest" name="verifyUserLoginWithValidCredentials" time="6.055"/>
</testsuite> <!-- TestScript.ManageContactTest -->
