<?xml version="1.0" encoding="UTF-8"?>
<!-- Generated by org.testng.reporters.JUnitReportReporter -->
<testsuite hostname="REHNA_NAZEER" failures="0" tests="1" name="testScript.ManageNewsTest" time="9.564" errors="0" timestamp="2025-03-24T11:32:13 IST" skipped="0">
  <testcase classname="testScript.ManageNewsTest" name="verifyUserIsAbleToAddNewNews" time="9.564"/>
</testsuite> <!-- testScript.ManageNewsTest -->
