<?xml version="1.0" encoding="UTF-8"?>
<!-- Generated by org.testng.reporters.JUnitReportReporter -->
<testsuite hostname="REHNA_NAZEER" failures="0" tests="1" name="testScript.SubCategoryTest" time="10.407" errors="0" timestamp="2025-03-25T11:30:25 IST" skipped="0">
  <testcase classname="testScript.SubCategoryTest" name="verifyUserIsAbleToAddCategoryFromDropdownOnSubCategory" time="10.407"/>
</testsuite> <!-- testScript.SubCategoryTest -->
