<?xml version="1.0" encoding="UTF-8"?>
<!-- Generated by org.testng.reporters.JUnitReportReporter -->
<testsuite hostname="REHNA_NAZEER" failures="0" tests="1" name="testScript.LoginTest" time="5.479" errors="0" timestamp="2025-04-01T12:12:15 IST" skipped="0">
  <testcase classname="testScript.LoginTest" name="verifyUserLoginWithValidUsernameAndInvalidPassword" time="5.479"/>
</testsuite> <!-- testScript.LoginTest -->
