<?xml version="1.0" encoding="UTF-8"?>
<!-- Generated by org.testng.reporters.JUnitReportReporter -->
<testsuite hostname="REHNA_NAZEER" failures="0" tests="2" name="testScript.HomeTest" time="10.350" errors="0" timestamp="2025-04-01T12:13:05 IST" skipped="0">
  <testcase classname="testScript.HomeTest" name="verifyUserIsAbleToClickAdminButton" time="5.464"/>
  <testcase classname="testScript.HomeTest" name="verifyUserIsAbleToClickLogoutButton" time="4.886"/>
</testsuite> <!-- testScript.HomeTest -->
